{
  "stats": {
    "suites": 1,
    "tests": 1,
    "passes": 1,
    "pending": 0,
    "failures": 0,
    "start": "2025-12-25T02:32:15.463Z",
    "end": "2025-12-25T02:32:18.272Z",
    "duration": 2809,
    "testsRegistered": 1,
    "passPercent": 100,
    "pendingPercent": 0,
    "other": 0,
    "hasOther": false,
    "skipped": 0,
    "hasSkipped": false
  },
  "results": [
    {
      "uuid": "8fc3abe5-6cef-49fc-ab8a-66faa9beabf5",
      "title": "",
      "fullFile": "C:\\web-ui-automation-fundamental\\test\\test-sauce.js",
      "file": "\\test\\test-sauce.js",
      "beforeHooks": [],
      "afterHooks": [],
      "tests": [],
      "suites": [
        {
          "uuid": "16e3cb96-59d2-433e-890c-1de33723d547",
          "title": "Tugas Sesi 9 - Web UI Automation Fundamental",
          "fullFile": "C:\\web-ui-automation-fundamental\\test\\test-sauce.js",
          "file": "\\test\\test-sauce.js",
          "beforeHooks": [],
          "afterHooks": [],
          "tests": [
            {
              "title": "Login dan Sortir A-Z (Gaya Fundamental)",
              "fullTitle": "Tugas Sesi 9 - Web UI Automation Fundamental Login dan Sortir A-Z (Gaya Fundamental)",
              "timedOut": false,
              "duration": 2798,
              "state": "passed",
              "speed": "slow",
              "pass": true,
              "fail": false,
              "pending": false,
              "context": null,
              "code": "driver = await new Builder().forBrowser('chrome').build();\n\nawait driver.get('https://www.saucedemo.com/');\nawait driver.findElement(By.id('user-name')).sendKeys('standard_user');\nawait driver.findElement(By.id('password')).sendKeys('secret_sauce');\nawait driver.findElement(By.id('login-button')).click();\n\nawait driver.findElement(By.className('product_sort_container')).click();\nawait driver.findElement(By.xpath(\"//option[@value='az']\")).click();\nlet firstItem = await driver.findElement(By.className('inventory_item_name')).getText();\nassert.strictEqual(firstItem, 'Sauce Labs Backpack');\nawait driver.quit();",
              "err": {},
              "uuid": "087ed33d-e491-46fb-83a3-c131b3939436",
              "parentUUID": "16e3cb96-59d2-433e-890c-1de33723d547",
              "isHook": false,
              "skipped": false
            }
          ],
          "suites": [],
          "passes": [
            "087ed33d-e491-46fb-83a3-c131b3939436"
          ],
          "failures": [],
          "pending": [],
          "skipped": [],
          "duration": 2798,
          "root": false,
          "rootEmpty": false,
          "_timeout": 60000
        }
      ],
      "passes": [],
      "failures": [],
      "pending": [],
      "skipped": [],
      "duration": 0,
      "root": true,
      "rootEmpty": true,
      "_timeout": 2000
    }
  ],
  "meta": {
    "mocha": {
      "version": "11.7.5"
    },
    "mochawesome": {
      "options": {
        "quiet": false,
        "reportFilename": "mochawesome",
        "saveHtml": true,
        "saveJson": true,
        "consoleReporter": "spec",
        "useInlineDiffs": false,
        "code": true
      },
      "version": "7.1.4"
    },
    "marge": {
      "options": null,
      "version": "6.3.2"
    }
  }
}